<?xml version="1.0" encoding="UTF-8"?>
<!-- Generated by org.testng.reporters.JUnitXMLReporter -->
<testsuite ignored="1" hostname="CARMEL-QA3L" failures="2" tests="2" name="Smoke(failed)" time="30.173" errors="0" timestamp="2023-11-09T13:39:06 IST">
  <testcase classname="com.ecommerce.tests.TC_Register_003" name="validateUserRegisteration" time="2.138">
    <failure type="java.lang.AssertionError" message="expected [Your Account Has Been Created!] but found [Register Account]">
      <![CDATA[java.lang.AssertionError: expected [Your Account Has Been Created!] but found [Register Account]
at com.ecommerce.tests.TC_Register_003.validateUserRegisteration(TC_Register_003.java:57)
at java.base/java.util.ArrayList.forEach(ArrayList.java:1511)
... Removed 33 stack frames]]>
    </failure>
  </testcase> <!-- validateUserRegisteration -->
  <testcase classname="com.ecommerce.tests.TC_Register_003" name="validateUserRegisteration" time="2.07">
    <failure type="java.lang.AssertionError" message="expected [Your Account Has Been Created!] but found [Register Account]">
      <![CDATA[java.lang.AssertionError: expected [Your Account Has Been Created!] but found [Register Account]
at com.ecommerce.tests.TC_Register_003.validateUserRegisteration(TC_Register_003.java:57)
at java.base/java.util.ArrayList.forEach(ArrayList.java:1511)
... Removed 33 stack frames]]>
    </failure>
  </testcase> <!-- validateUserRegisteration -->
  <testcase classname="com.ecommerce.tests.TC_Register_003" name="checkRegisterUserNavigation" time="0.0">
    <ignored/>
  </testcase> <!-- checkRegisterUserNavigation -->
</testsuite> <!-- Smoke(failed) -->
