<?xml version="1.0" encoding="UTF-8"?>
<!-- Generated by org.testng.reporters.JUnitXMLReporter -->
<testsuite ignored="0" hostname="CARMEL-QA3L" failures="0" tests="8" name="Smoke" time="95.009" errors="0" timestamp="2023-11-10T18:49:55 IST">
  <testcase classname="com.ecommerce.tests.TC_Register_003" name="checkRegisterUserNavigation" time="0.05"/>
  <testcase classname="com.ecommerce.tests.TC_Register_003" name="validateUserRegisteration" time="1.898"/>
  <testcase classname="com.ecommerce.tests.TC_Monitor_004" name="checkMonitorsCount" time="0.032"/>
  <testcase classname="com.ecommerce.tests.TC_Monitor_004" name="navigateToMonitorsPage" time="0.049"/>
  <testcase classname="com.ecommerce.tests.TC_DeleteAddress_006" name="deleteAddressRecord" time="4.358"/>
  <testcase classname="com.ecommerce.tests.TC_DeleteAddress_006" name="deleteAddressRecord" time="4.282"/>
  <testcase classname="com.ecommerce.tests.TC_Searching_007" name="validateSearchedProductsName" time="1.056"/>
  <testcase classname="com.ecommerce.tests.TC_PlaceAnOrder_008" name="placeOrder" time="11.89"/>
</testsuite> <!-- Smoke -->
