<?xml version="1.0" encoding="UTF-8"?>
<!-- Generated by org.testng.reporters.JUnitXMLReporter -->
<testsuite ignored="0" hostname="CARMEL-QA3L" failures="0" tests="6" name="Test" time="78.858" errors="0" timestamp="2023-11-07T12:43:05 IST">
  <testcase classname="com.ecommerce.tests.TC_Login_001" name="loginIntoApplicationTest" time="1.731"/>
  <testcase classname="com.ecommerce.tests.TC_Login_001" name="checkRegisterationSection" time="0.096"/>
  <testcase classname="com.ecommerce.tests.TC_Login_001" name="invalid" time="1.324"/>
  <testcase classname="com.ecommerce.tests.TC_UserPage_002" name="checkUserPageLinks" time="0.114"/>
  <testcase classname="com.ecommerce.tests.TC_UserPage_002" name="validateHeaderLinks" time="0.254"/>
  <testcase classname="com.ecommerce.tests.TC_UserPage_002" name="validateLogo" time="0.13"/>
</testsuite> <!-- Test -->
